<?xml version="1.0" encoding="UTF-8"?>
<testsuite name="com.waffle.shattlebus.backend.BackendApplicationTests" tests="1" skipped="0" failures="0" errors="0" timestamp="2021-03-20T03:14:10" hostname="iwin1203-14Z990-GR30K" time="0.25">
  <properties/>
  <testcase name="contextLoads()" classname="com.waffle.shattlebus.backend.BackendApplicationTests" time="0.25"/>
  <system-out><![CDATA[12:14:08.787 [Test worker] DEBUG org.springframework.test.context.BootstrapUtils - Instantiating CacheAwareContextLoaderDelegate from class [org.springframework.test.context.cache.DefaultCacheAwareContextLoaderDelegate]
12:14:08.800 [Test worker] DEBUG org.springframework.test.context.BootstrapUtils - Instantiating BootstrapContext using constructor [public org.springframework.test.context.support.DefaultBootstrapContext(java.lang.Class,org.springframework.test.context.CacheAwareContextLoaderDelegate)]
12:14:08.854 [Test worker] DEBUG org.springframework.test.context.BootstrapUtils - Instantiating TestContextBootstrapper for test class [com.waffle.shattlebus.backend.BackendApplicationTests] from class [org.springframework.boot.test.context.SpringBootTestContextBootstrapper]
12:14:08.867 [Test worker] INFO org.springframework.boot.test.context.SpringBootTestContextBootstrapper - Neither @ContextConfiguration nor @ContextHierarchy found for test class [com.waffle.shattlebus.backend.BackendApplicationTests], using SpringBootContextLoader
12:14:08.871 [Test worker] DEBUG org.springframework.test.context.support.AbstractContextLoader - Did not detect default resource location for test class [com.waffle.shattlebus.backend.BackendApplicationTests]: class path resource [com/waffle/shattlebus/backend/BackendApplicationTests-context.xml] does not exist
12:14:08.871 [Test worker] DEBUG org.springframework.test.context.support.AbstractContextLoader - Did not detect default resource location for test class [com.waffle.shattlebus.backend.BackendApplicationTests]: class path resource [com/waffle/shattlebus/backend/BackendApplicationTestsContext.groovy] does not exist
12:14:08.872 [Test worker] INFO org.springframework.test.context.support.AbstractContextLoader - Could not detect default resource locations for test class [com.waffle.shattlebus.backend.BackendApplicationTests]: no resource found for suffixes {-context.xml, Context.groovy}.
12:14:08.873 [Test worker] INFO org.springframework.test.context.support.AnnotationConfigContextLoaderUtils - Could not detect default configuration classes for test class [com.waffle.shattlebus.backend.BackendApplicationTests]: BackendApplicationTests does not declare any static, non-private, non-final, nested classes annotated with @Configuration.
12:14:08.912 [Test worker] DEBUG org.springframework.test.context.support.ActiveProfilesUtils - Could not find an 'annotation declaring class' for annotation type [org.springframework.test.context.ActiveProfiles] and class [com.waffle.shattlebus.backend.BackendApplicationTests]
12:14:08.979 [Test worker] DEBUG org.springframework.context.annotation.ClassPathScanningCandidateComponentProvider - Identified candidate component class: file [/home/iwin1203/Desktop/shattlebus/shuttlebus-backend/backend/build/classes/java/main/com/waffle/shattlebus/backend/BackendApplication.class]
12:14:08.982 [Test worker] INFO org.springframework.boot.test.context.SpringBootTestContextBootstrapper - Found @SpringBootConfiguration com.waffle.shattlebus.backend.BackendApplication for test class com.waffle.shattlebus.backend.BackendApplicationTests
12:14:09.113 [Test worker] DEBUG org.springframework.boot.test.context.SpringBootTestContextBootstrapper - @TestExecutionListeners is not present for class [com.waffle.shattlebus.backend.BackendApplicationTests]: using defaults.
12:14:09.114 [Test worker] INFO org.springframework.boot.test.context.SpringBootTestContextBootstrapper - Loaded default TestExecutionListener class names from location [META-INF/spring.factories]: [org.springframework.boot.test.autoconfigure.restdocs.RestDocsTestExecutionListener, org.springframework.boot.test.autoconfigure.web.client.MockRestServiceServerResetTestExecutionListener, org.springframework.boot.test.autoconfigure.web.servlet.MockMvcPrintOnlyOnFailureTestExecutionListener, org.springframework.boot.test.autoconfigure.web.servlet.WebDriverTestExecutionListener, org.springframework.boot.test.autoconfigure.webservices.client.MockWebServiceServerTestExecutionListener, org.springframework.boot.test.mock.mockito.MockitoTestExecutionListener, org.springframework.boot.test.mock.mockito.ResetMocksTestExecutionListener, org.springframework.test.context.web.ServletTestExecutionListener, org.springframework.test.context.support.DirtiesContextBeforeModesTestExecutionListener, org.springframework.test.context.event.ApplicationEventsTestExecutionListener, org.springframework.test.context.support.DependencyInjectionTestExecutionListener, org.springframework.test.context.support.DirtiesContextTestExecutionListener, org.springframework.test.context.transaction.TransactionalTestExecutionListener, org.springframework.test.context.jdbc.SqlScriptsTestExecutionListener, org.springframework.test.context.event.EventPublishingTestExecutionListener]
12:14:09.125 [Test worker] DEBUG org.springframework.boot.test.context.SpringBootTestContextBootstrapper - Skipping candidate TestExecutionListener [org.springframework.test.context.transaction.TransactionalTestExecutionListener] due to a missing dependency. Specify custom listener classes or make the default listener classes and their required dependencies available. Offending class: [org/springframework/transaction/interceptor/TransactionAttributeSource]
12:14:09.126 [Test worker] DEBUG org.springframework.boot.test.context.SpringBootTestContextBootstrapper - Skipping candidate TestExecutionListener [org.springframework.test.context.jdbc.SqlScriptsTestExecutionListener] due to a missing dependency. Specify custom listener classes or make the default listener classes and their required dependencies available. Offending class: [org/springframework/transaction/interceptor/TransactionAttribute]
12:14:09.127 [Test worker] INFO org.springframework.boot.test.context.SpringBootTestContextBootstrapper - Using TestExecutionListeners: [org.springframework.test.context.web.ServletTestExecutionListener@af1daaa, org.springframework.test.context.support.DirtiesContextBeforeModesTestExecutionListener@48418014, org.springframework.test.context.event.ApplicationEventsTestExecutionListener@327b0990, org.springframework.boot.test.mock.mockito.MockitoTestExecutionListener@18238012, org.springframework.boot.test.autoconfigure.SpringBootDependencyInjectionTestExecutionListener@1c833d36, org.springframework.test.context.support.DirtiesContextTestExecutionListener@58065f92, org.springframework.test.context.event.EventPublishingTestExecutionListener@32dbfa8b, org.springframework.boot.test.autoconfigure.restdocs.RestDocsTestExecutionListener@367ccfd2, org.springframework.boot.test.autoconfigure.web.client.MockRestServiceServerResetTestExecutionListener@33133ea6, org.springframework.boot.test.autoconfigure.web.servlet.MockMvcPrintOnlyOnFailureTestExecutionListener@59031d99, org.springframework.boot.test.autoconfigure.web.servlet.WebDriverTestExecutionListener@34e1bb90, org.springframework.boot.test.autoconfigure.webservices.client.MockWebServiceServerTestExecutionListener@64b3f081, org.springframework.boot.test.mock.mockito.ResetMocksTestExecutionListener@4e7f04bf]
12:14:09.131 [Test worker] DEBUG org.springframework.test.context.support.AbstractDirtiesContextTestExecutionListener - Before test class: context [DefaultTestContext@5c34ed4a testClass = BackendApplicationTests, testInstance = [null], testMethod = [null], testException = [null], mergedContextConfiguration = [WebMergedContextConfiguration@72c9978f testClass = BackendApplicationTests, locations = '{}', classes = '{class com.waffle.shattlebus.backend.BackendApplication}', contextInitializerClasses = '[]', activeProfiles = '{}', propertySourceLocations = '{}', propertySourceProperties = '{org.springframework.boot.test.context.SpringBootTestContextBootstrapper=true}', contextCustomizers = set[org.springframework.boot.test.autoconfigure.actuate.metrics.MetricsExportContextCustomizerFactory$DisableMetricExportContextCustomizer@bec6b17, org.springframework.boot.test.autoconfigure.properties.PropertyMappingContextCustomizer@0, org.springframework.boot.test.autoconfigure.web.servlet.WebDriverContextCustomizerFactory$Customizer@6c157072, org.springframework.boot.test.context.filter.ExcludeFilterContextCustomizer@2993a58f, org.springframework.boot.test.json.DuplicateJsonObjectContextCustomizerFactory$DuplicateJsonObjectContextCustomizer@22a5cf93, org.springframework.boot.test.mock.mockito.MockitoContextCustomizer@0, org.springframework.boot.test.web.client.TestRestTemplateContextCustomizer@71fe7177, org.springframework.boot.test.context.SpringBootTestArgs@1, org.springframework.boot.test.context.SpringBootTestWebEnvironment@467b906], resourceBasePath = 'src/main/webapp', contextLoader = 'org.springframework.boot.test.context.SpringBootContextLoader', parent = [null]], attributes = map['org.springframework.test.context.web.ServletTestExecutionListener.activateListener' -> true]], class annotated with @DirtiesContext [false] with mode [null].
12:14:09.164 [Test worker] DEBUG org.springframework.test.context.support.TestPropertySourceUtils - Adding inlined properties to environment: {spring.jmx.enabled=false, org.springframework.boot.test.context.SpringBootTestContextBootstrapper=true}

  .   ____          _            __ _ _
 /\\ / ___'_ __ _ _(_)_ __  __ _ \ \ \ \
( ( )\___ | '_ | '_| | '_ \/ _` | \ \ \ \
 \\/  ___)| |_)| | | | | || (_| |  ) ) ) )
  '  |____| .__|_| |_|_| |_\__, | / / / /
 =========|_|==============|___/=/_/_/_/
 :: Spring Boot ::                (v2.4.2)

2021-03-20 12:14:09.402  WARN 35541 --- [    Test worker] ory$DuplicateJsonObjectContextCustomizer : 

Found multiple occurrences of org.json.JSONObject on the class path:

	jar:file:/root/.gradle/caches/modules-2/files-2.1/org.json/json/20180813/8566b2b0391d9d4479ea225645c6ed47ef17fe41/json-20180813.jar!/org/json/JSONObject.class
	jar:file:/root/.gradle/caches/modules-2/files-2.1/com.vaadin.external.google/android-json/0.0.20131108.vaadin1/fa26d351fe62a6a17f5cda1287c1c6110dec413f/android-json-0.0.20131108.vaadin1.jar!/org/json/JSONObject.class

You may wish to exclude one of them to ensure predictable runtime behavior

2021-03-20 12:14:09.425  INFO 35541 --- [    Test worker] c.w.s.backend.BackendApplicationTests    : Starting BackendApplicationTests using Java 11.0.10 on iwin1203-14Z990-GR30K with PID 35541 (started by root in /home/iwin1203/Desktop/shattlebus/shuttlebus-backend/backend)
2021-03-20 12:14:09.431  INFO 35541 --- [    Test worker] c.w.s.backend.BackendApplicationTests    : No active profile set, falling back to default profiles: default
2021-03-20 12:14:10.499  INFO 35541 --- [    Test worker] o.s.s.concurrent.ThreadPoolTaskExecutor  : Initializing ExecutorService 'applicationTaskExecutor'
2021-03-20 12:14:10.855  INFO 35541 --- [    Test worker] c.w.s.backend.BackendApplicationTests    : Started BackendApplicationTests in 1.681 seconds (JVM running for 2.835)
]]></system-out>
  <system-err><![CDATA[]]></system-err>
</testsuite>
