<?xml version="1.0" encoding="UTF-8"?>
<testsuite name="com.waffle.shattlebus.backend.BackendApplicationTests" tests="1" skipped="0" failures="0" errors="0" timestamp="2021-03-21T18:13:29" hostname="iwin1203-14Z990-GR30K" time="0.249">
  <properties/>
  <testcase name="contextLoads()" classname="com.waffle.shattlebus.backend.BackendApplicationTests" time="0.249"/>
  <system-out><![CDATA[03:13:27.646 [Test worker] DEBUG org.springframework.test.context.BootstrapUtils - Instantiating CacheAwareContextLoaderDelegate from class [org.springframework.test.context.cache.DefaultCacheAwareContextLoaderDelegate]
03:13:27.659 [Test worker] DEBUG org.springframework.test.context.BootstrapUtils - Instantiating BootstrapContext using constructor [public org.springframework.test.context.support.DefaultBootstrapContext(java.lang.Class,org.springframework.test.context.CacheAwareContextLoaderDelegate)]
03:13:27.691 [Test worker] DEBUG org.springframework.test.context.BootstrapUtils - Instantiating TestContextBootstrapper for test class [com.waffle.shattlebus.backend.BackendApplicationTests] from class [org.springframework.boot.test.context.SpringBootTestContextBootstrapper]
03:13:27.698 [Test worker] INFO org.springframework.boot.test.context.SpringBootTestContextBootstrapper - Neither @ContextConfiguration nor @ContextHierarchy found for test class [com.waffle.shattlebus.backend.BackendApplicationTests], using SpringBootContextLoader
03:13:27.702 [Test worker] DEBUG org.springframework.test.context.support.AbstractContextLoader - Did not detect default resource location for test class [com.waffle.shattlebus.backend.BackendApplicationTests]: class path resource [com/waffle/shattlebus/backend/BackendApplicationTests-context.xml] does not exist
03:13:27.703 [Test worker] DEBUG org.springframework.test.context.support.AbstractContextLoader - Did not detect default resource location for test class [com.waffle.shattlebus.backend.BackendApplicationTests]: class path resource [com/waffle/shattlebus/backend/BackendApplicationTestsContext.groovy] does not exist
03:13:27.703 [Test worker] INFO org.springframework.test.context.support.AbstractContextLoader - Could not detect default resource locations for test class [com.waffle.shattlebus.backend.BackendApplicationTests]: no resource found for suffixes {-context.xml, Context.groovy}.
03:13:27.703 [Test worker] INFO org.springframework.test.context.support.AnnotationConfigContextLoaderUtils - Could not detect default configuration classes for test class [com.waffle.shattlebus.backend.BackendApplicationTests]: BackendApplicationTests does not declare any static, non-private, non-final, nested classes annotated with @Configuration.
03:13:27.742 [Test worker] DEBUG org.springframework.test.context.support.ActiveProfilesUtils - Could not find an 'annotation declaring class' for annotation type [org.springframework.test.context.ActiveProfiles] and class [com.waffle.shattlebus.backend.BackendApplicationTests]
03:13:27.797 [Test worker] DEBUG org.springframework.context.annotation.ClassPathScanningCandidateComponentProvider - Identified candidate component class: file [/home/iwin1203/Desktop/shattlebus/shuttlebus-backend/backend/build/classes/java/main/com/waffle/shattlebus/backend/BackendApplication.class]
03:13:27.801 [Test worker] INFO org.springframework.boot.test.context.SpringBootTestContextBootstrapper - Found @SpringBootConfiguration com.waffle.shattlebus.backend.BackendApplication for test class com.waffle.shattlebus.backend.BackendApplicationTests
03:13:27.882 [Test worker] DEBUG org.springframework.boot.test.context.SpringBootTestContextBootstrapper - @TestExecutionListeners is not present for class [com.waffle.shattlebus.backend.BackendApplicationTests]: using defaults.
03:13:27.882 [Test worker] INFO org.springframework.boot.test.context.SpringBootTestContextBootstrapper - Loaded default TestExecutionListener class names from location [META-INF/spring.factories]: [org.springframework.boot.test.autoconfigure.restdocs.RestDocsTestExecutionListener, org.springframework.boot.test.autoconfigure.web.client.MockRestServiceServerResetTestExecutionListener, org.springframework.boot.test.autoconfigure.web.servlet.MockMvcPrintOnlyOnFailureTestExecutionListener, org.springframework.boot.test.autoconfigure.web.servlet.WebDriverTestExecutionListener, org.springframework.boot.test.autoconfigure.webservices.client.MockWebServiceServerTestExecutionListener, org.springframework.boot.test.mock.mockito.MockitoTestExecutionListener, org.springframework.boot.test.mock.mockito.ResetMocksTestExecutionListener, org.springframework.test.context.web.ServletTestExecutionListener, org.springframework.test.context.support.DirtiesContextBeforeModesTestExecutionListener, org.springframework.test.context.event.ApplicationEventsTestExecutionListener, org.springframework.test.context.support.DependencyInjectionTestExecutionListener, org.springframework.test.context.support.DirtiesContextTestExecutionListener, org.springframework.test.context.transaction.TransactionalTestExecutionListener, org.springframework.test.context.jdbc.SqlScriptsTestExecutionListener, org.springframework.test.context.event.EventPublishingTestExecutionListener]
03:13:27.892 [Test worker] DEBUG org.springframework.boot.test.context.SpringBootTestContextBootstrapper - Skipping candidate TestExecutionListener [org.springframework.test.context.transaction.TransactionalTestExecutionListener] due to a missing dependency. Specify custom listener classes or make the default listener classes and their required dependencies available. Offending class: [org/springframework/transaction/interceptor/TransactionAttributeSource]
03:13:27.893 [Test worker] DEBUG org.springframework.boot.test.context.SpringBootTestContextBootstrapper - Skipping candidate TestExecutionListener [org.springframework.test.context.jdbc.SqlScriptsTestExecutionListener] due to a missing dependency. Specify custom listener classes or make the default listener classes and their required dependencies available. Offending class: [org/springframework/transaction/interceptor/TransactionAttribute]
03:13:27.894 [Test worker] INFO org.springframework.boot.test.context.SpringBootTestContextBootstrapper - Using TestExecutionListeners: [org.springframework.test.context.web.ServletTestExecutionListener@aea16b, org.springframework.test.context.support.DirtiesContextBeforeModesTestExecutionListener@54456d33, org.springframework.test.context.event.ApplicationEventsTestExecutionListener@282bae3a, org.springframework.boot.test.mock.mockito.MockitoTestExecutionListener@535870bd, org.springframework.boot.test.autoconfigure.SpringBootDependencyInjectionTestExecutionListener@26082644, org.springframework.test.context.support.DirtiesContextTestExecutionListener@59dbeb43, org.springframework.test.context.event.EventPublishingTestExecutionListener@2cf4c43c, org.springframework.boot.test.autoconfigure.restdocs.RestDocsTestExecutionListener@3cb98487, org.springframework.boot.test.autoconfigure.web.client.MockRestServiceServerResetTestExecutionListener@5b64af52, org.springframework.boot.test.autoconfigure.web.servlet.MockMvcPrintOnlyOnFailureTestExecutionListener@5d63d68e, org.springframework.boot.test.autoconfigure.web.servlet.WebDriverTestExecutionListener@573c3c3a, org.springframework.boot.test.autoconfigure.webservices.client.MockWebServiceServerTestExecutionListener@27d117e6, org.springframework.boot.test.mock.mockito.ResetMocksTestExecutionListener@59b13271]
03:13:27.897 [Test worker] DEBUG org.springframework.test.context.support.AbstractDirtiesContextTestExecutionListener - Before test class: context [DefaultTestContext@792a73d0 testClass = BackendApplicationTests, testInstance = [null], testMethod = [null], testException = [null], mergedContextConfiguration = [WebMergedContextConfiguration@7147dcba testClass = BackendApplicationTests, locations = '{}', classes = '{class com.waffle.shattlebus.backend.BackendApplication}', contextInitializerClasses = '[]', activeProfiles = '{}', propertySourceLocations = '{}', propertySourceProperties = '{org.springframework.boot.test.context.SpringBootTestContextBootstrapper=true}', contextCustomizers = set[org.springframework.boot.test.autoconfigure.actuate.metrics.MetricsExportContextCustomizerFactory$DisableMetricExportContextCustomizer@5743c432, org.springframework.boot.test.autoconfigure.properties.PropertyMappingContextCustomizer@0, org.springframework.boot.test.autoconfigure.web.servlet.WebDriverContextCustomizerFactory$Customizer@4f5fcc9a, org.springframework.boot.test.context.filter.ExcludeFilterContextCustomizer@2e93fcff, org.springframework.boot.test.json.DuplicateJsonObjectContextCustomizerFactory$DuplicateJsonObjectContextCustomizer@463f65b1, org.springframework.boot.test.mock.mockito.MockitoContextCustomizer@0, org.springframework.boot.test.web.client.TestRestTemplateContextCustomizer@e784347, org.springframework.boot.test.context.SpringBootTestArgs@1, org.springframework.boot.test.context.SpringBootTestWebEnvironment@6356b510], resourceBasePath = 'src/main/webapp', contextLoader = 'org.springframework.boot.test.context.SpringBootContextLoader', parent = [null]], attributes = map['org.springframework.test.context.web.ServletTestExecutionListener.activateListener' -> true]], class annotated with @DirtiesContext [false] with mode [null].
03:13:27.926 [Test worker] DEBUG org.springframework.test.context.support.TestPropertySourceUtils - Adding inlined properties to environment: {spring.jmx.enabled=false, org.springframework.boot.test.context.SpringBootTestContextBootstrapper=true}

  .   ____          _            __ _ _
 /\\ / ___'_ __ _ _(_)_ __  __ _ \ \ \ \
( ( )\___ | '_ | '_| | '_ \/ _` | \ \ \ \
 \\/  ___)| |_)| | | | | || (_| |  ) ) ) )
  '  |____| .__|_| |_|_| |_\__, | / / / /
 =========|_|==============|___/=/_/_/_/
 :: Spring Boot ::                (v2.4.2)

2021-03-22 03:13:28.148  WARN 12450 --- [    Test worker] ory$DuplicateJsonObjectContextCustomizer : 

Found multiple occurrences of org.json.JSONObject on the class path:

	jar:file:/root/.gradle/caches/modules-2/files-2.1/org.json/json/20180813/8566b2b0391d9d4479ea225645c6ed47ef17fe41/json-20180813.jar!/org/json/JSONObject.class
	jar:file:/root/.gradle/caches/modules-2/files-2.1/com.vaadin.external.google/android-json/0.0.20131108.vaadin1/fa26d351fe62a6a17f5cda1287c1c6110dec413f/android-json-0.0.20131108.vaadin1.jar!/org/json/JSONObject.class

You may wish to exclude one of them to ensure predictable runtime behavior

2021-03-22 03:13:28.162  INFO 12450 --- [    Test worker] c.w.s.backend.BackendApplicationTests    : Starting BackendApplicationTests using Java 11.0.10 on iwin1203-14Z990-GR30K with PID 12450 (started by root in /home/iwin1203/Desktop/shattlebus/shuttlebus-backend/backend)
2021-03-22 03:13:28.165  INFO 12450 --- [    Test worker] c.w.s.backend.BackendApplicationTests    : No active profile set, falling back to default profiles: default
2021-03-22 03:13:29.285  INFO 12450 --- [    Test worker] o.s.s.concurrent.ThreadPoolTaskExecutor  : Initializing ExecutorService 'applicationTaskExecutor'
2021-03-22 03:13:29.575  INFO 12450 --- [    Test worker] c.w.s.backend.BackendApplicationTests    : Started BackendApplicationTests in 1.643 seconds (JVM running for 2.764)
]]></system-out>
  <system-err><![CDATA[]]></system-err>
</testsuite>
